18-03-05 07:52:33.017 [main] INFO  com.jay.config.ConfigApplicationKt - The following profiles are active: native
18-03-05 07:52:33.044 [main] INFO  o.s.b.w.s.c.AnnotationConfigServletWebServerApplicationContext - Refreshing org.springframework.boot.web.servlet.context.AnnotationConfigServletWebServerApplicationContext@4b4523f8: startup date [Mon Mar 05 07:52:33 GMT 2018]; parent: org.springframework.context.annotation.AnnotationConfigApplicationContext@591f989e
18-03-05 07:52:33.808 [main] INFO  o.s.b.f.s.DefaultListableBeanFactory - Overriding bean definition for bean 'environmentWebEndpointExtension' with a different definition: replacing [Root bean: class [null]; scope=; abstract=false; lazyInit=false; autowireMode=3; dependencyCheck=0; autowireCandidate=true; primary=false; factoryBeanName=org.springframework.boot.actuate.autoconfigure.env.EnvironmentEndpointAutoConfiguration; factoryMethodName=environmentWebEndpointExtension; initMethodName=null; destroyMethodName=(inferred); defined in class path resource [org/springframework/boot/actuate/autoconfigure/env/EnvironmentEndpointAutoConfiguration.class]] with [Root bean: class [null]; scope=; abstract=false; lazyInit=false; autowireMode=3; dependencyCheck=0; autowireCandidate=true; primary=false; factoryBeanName=org.springframework.cloud.autoconfigure.LifecycleMvcEndpointAutoConfiguration$EndpointConfiguration; factoryMethodName=environmentWebEndpointExtension; initMethodName=null; destroyMethodName=(inferred); defined in class path resource [org/springframework/cloud/autoconfigure/LifecycleMvcEndpointAutoConfiguration$EndpointConfiguration.class]]
18-03-05 07:52:34.077 [main] INFO  o.s.cloud.context.scope.GenericScope - BeanFactory id=70a8fa54-4425-3ba4-b0c0-c9b961e1cd68
18-03-05 07:52:34.329 [main] INFO  o.s.c.s.PostProcessorRegistrationDelegate$BeanPostProcessorChecker - Bean 'org.springframework.cloud.autoconfigure.ConfigurationPropertiesRebinderAutoConfiguration' of type [org.springframework.cloud.autoconfigure.ConfigurationPropertiesRebinderAutoConfiguration$$EnhancerBySpringCGLIB$$65da87bf] is not eligible for getting processed by all BeanPostProcessors (for example: not eligible for auto-proxying)
18-03-05 07:52:34.648 [main] INFO  o.s.b.w.e.tomcat.TomcatWebServer - Tomcat initialized with port(s): 8888 (http)
18-03-05 07:52:34.680 [main] INFO  o.a.catalina.core.StandardService - Starting service [Tomcat]
18-03-05 07:52:34.681 [main] INFO  o.a.catalina.core.StandardEngine - Starting Servlet Engine: Apache Tomcat/8.5.28
18-03-05 07:52:34.696 [localhost-startStop-1] INFO  o.a.c.core.AprLifecycleListener - The APR based Apache Tomcat Native library which allows optimal performance in production environments was not found on the java.library.path: [/usr/lib/jvm/java-1.8-openjdk/jre/lib/amd64/server:/usr/lib/jvm/java-1.8-openjdk/jre/lib/amd64:/usr/lib/jvm/java-1.8-openjdk/jre/../lib/amd64:/usr/java/packages/lib/amd64:/usr/lib64:/lib64:/lib:/usr/lib]
18-03-05 07:52:34.796 [localhost-startStop-1] INFO  o.a.c.c.C.[Tomcat].[localhost].[/] - Initializing Spring embedded WebApplicationContext
18-03-05 07:52:34.797 [localhost-startStop-1] INFO  o.s.web.context.ContextLoader - Root WebApplicationContext: initialization completed in 1753 ms
18-03-05 07:52:35.459 [localhost-startStop-1] INFO  o.s.b.w.s.ServletRegistrationBean - Servlet dispatcherServlet mapped to [/]
18-03-05 07:52:35.473 [localhost-startStop-1] INFO  o.s.b.w.s.FilterRegistrationBean - Mapping filter: 'characterEncodingFilter' to: [/*]
18-03-05 07:52:35.474 [localhost-startStop-1] INFO  o.s.b.w.s.FilterRegistrationBean - Mapping filter: 'hiddenHttpMethodFilter' to: [/*]
18-03-05 07:52:35.474 [localhost-startStop-1] INFO  o.s.b.w.s.FilterRegistrationBean - Mapping filter: 'httpPutFormContentFilter' to: [/*]
18-03-05 07:52:35.475 [localhost-startStop-1] INFO  o.s.b.w.s.FilterRegistrationBean - Mapping filter: 'requestContextFilter' to: [/*]
18-03-05 07:52:35.476 [localhost-startStop-1] INFO  o.s.b.w.s.FilterRegistrationBean - Mapping filter: 'httpTraceFilter' to: [/*]
18-03-05 07:52:35.477 [localhost-startStop-1] INFO  o.s.b.w.s.FilterRegistrationBean - Mapping filter: 'webMvcMetricsFilter' to: [/*]
18-03-05 07:52:35.857 [main] INFO  o.s.w.s.m.m.a.RequestMappingHandlerAdapter - Looking for @ControllerAdvice: org.springframework.boot.web.servlet.context.AnnotationConfigServletWebServerApplicationContext@4b4523f8: startup date [Mon Mar 05 07:52:33 GMT 2018]; parent: org.springframework.context.annotation.AnnotationConfigApplicationContext@591f989e
18-03-05 07:52:35.963 [main] INFO  o.s.w.s.m.m.a.RequestMappingHandlerMapping - Mapped "{[/error],produces=[text/html]}" onto public org.springframework.web.servlet.ModelAndView org.springframework.boot.autoconfigure.web.servlet.error.BasicErrorController.errorHtml(javax.servlet.http.HttpServletRequest,javax.servlet.http.HttpServletResponse)
18-03-05 07:52:35.965 [main] INFO  o.s.w.s.m.m.a.RequestMappingHandlerMapping - Mapped "{[/error]}" onto public org.springframework.http.ResponseEntity<java.util.Map<java.lang.String, java.lang.Object>> org.springframework.boot.autoconfigure.web.servlet.error.BasicErrorController.error(javax.servlet.http.HttpServletRequest)
18-03-05 07:52:35.975 [main] INFO  o.s.w.s.m.m.a.RequestMappingHandlerMapping - Mapped "{[/encrypt],methods=[POST]}" onto public java.lang.String org.springframework.cloud.config.server.encryption.EncryptionController.encrypt(java.lang.String,org.springframework.http.MediaType)
18-03-05 07:52:35.976 [main] INFO  o.s.w.s.m.m.a.RequestMappingHandlerMapping - Mapped "{[/encrypt/{name}/{profiles}],methods=[POST]}" onto public java.lang.String org.springframework.cloud.config.server.encryption.EncryptionController.encrypt(java.lang.String,java.lang.String,java.lang.String,org.springframework.http.MediaType)
18-03-05 07:52:35.977 [main] INFO  o.s.w.s.m.m.a.RequestMappingHandlerMapping - Mapped "{[/decrypt/{name}/{profiles}],methods=[POST]}" onto public java.lang.String org.springframework.cloud.config.server.encryption.EncryptionController.decrypt(java.lang.String,java.lang.String,java.lang.String,org.springframework.http.MediaType)
18-03-05 07:52:35.979 [main] INFO  o.s.w.s.m.m.a.RequestMappingHandlerMapping - Mapped "{[/decrypt],methods=[POST]}" onto public java.lang.String org.springframework.cloud.config.server.encryption.EncryptionController.decrypt(java.lang.String,org.springframework.http.MediaType)
18-03-05 07:52:35.979 [main] INFO  o.s.w.s.m.m.a.RequestMappingHandlerMapping - Mapped "{[/encrypt/status],methods=[GET]}" onto public java.util.Map<java.lang.String, java.lang.Object> org.springframework.cloud.config.server.encryption.EncryptionController.status()
18-03-05 07:52:35.980 [main] INFO  o.s.w.s.m.m.a.RequestMappingHandlerMapping - Mapped "{[/key],methods=[GET]}" onto public java.lang.String org.springframework.cloud.config.server.encryption.EncryptionController.getPublicKey()
18-03-05 07:52:35.981 [main] INFO  o.s.w.s.m.m.a.RequestMappingHandlerMapping - Mapped "{[/key/{name}/{profiles}],methods=[GET]}" onto public java.lang.String org.springframework.cloud.config.server.encryption.EncryptionController.getPublicKey(java.lang.String,java.lang.String)
18-03-05 07:52:35.988 [main] INFO  o.s.w.s.m.m.a.RequestMappingHandlerMapping - Mapped "{[/{name}-{profiles}.properties],methods=[GET]}" onto public org.springframework.http.ResponseEntity<java.lang.String> org.springframework.cloud.config.server.environment.EnvironmentController.properties(java.lang.String,java.lang.String,boolean) throws java.io.IOException
18-03-05 07:52:35.990 [main] INFO  o.s.w.s.m.m.a.RequestMappingHandlerMapping - Mapped "{[/{name}-{profiles}.yml || /{name}-{profiles}.yaml],methods=[GET]}" onto public org.springframework.http.ResponseEntity<java.lang.String> org.springframework.cloud.config.server.environment.EnvironmentController.yaml(java.lang.String,java.lang.String,boolean) throws java.lang.Exception
18-03-05 07:52:35.990 [main] INFO  o.s.w.s.m.m.a.RequestMappingHandlerMapping - Mapped "{[/{name}/{profiles:.*[^-].*}],methods=[GET]}" onto public org.springframework.cloud.config.environment.Environment org.springframework.cloud.config.server.environment.EnvironmentController.defaultLabel(java.lang.String,java.lang.String)
18-03-05 07:52:35.991 [main] INFO  o.s.w.s.m.m.a.RequestMappingHandlerMapping - Mapped "{[/{name}/{profiles}/{label:.*}],methods=[GET]}" onto public org.springframework.cloud.config.environment.Environment org.springframework.cloud.config.server.environment.EnvironmentController.labelled(java.lang.String,java.lang.String,java.lang.String)
18-03-05 07:52:35.992 [main] INFO  o.s.w.s.m.m.a.RequestMappingHandlerMapping - Mapped "{[/{label}/{name}-{profiles}.properties],methods=[GET]}" onto public org.springframework.http.ResponseEntity<java.lang.String> org.springframework.cloud.config.server.environment.EnvironmentController.labelledProperties(java.lang.String,java.lang.String,java.lang.String,boolean) throws java.io.IOException
18-03-05 07:52:35.994 [main] INFO  o.s.w.s.m.m.a.RequestMappingHandlerMapping - Mapped "{[/{name}-{profiles}.json],methods=[GET]}" onto public org.springframework.http.ResponseEntity<java.lang.String> org.springframework.cloud.config.server.environment.EnvironmentController.jsonProperties(java.lang.String,java.lang.String,boolean) throws java.lang.Exception
18-03-05 07:52:35.994 [main] INFO  o.s.w.s.m.m.a.RequestMappingHandlerMapping - Mapped "{[/{label}/{name}-{profiles}.json],methods=[GET]}" onto public org.springframework.http.ResponseEntity<java.lang.String> org.springframework.cloud.config.server.environment.EnvironmentController.labelledJsonProperties(java.lang.String,java.lang.String,java.lang.String,boolean) throws java.lang.Exception
18-03-05 07:52:35.995 [main] INFO  o.s.w.s.m.m.a.RequestMappingHandlerMapping - Mapped "{[/{label}/{name}-{profiles}.yml || /{label}/{name}-{profiles}.yaml],methods=[GET]}" onto public org.springframework.http.ResponseEntity<java.lang.String> org.springframework.cloud.config.server.environment.EnvironmentController.labelledYaml(java.lang.String,java.lang.String,java.lang.String,boolean) throws java.lang.Exception
18-03-05 07:52:36.000 [main] INFO  o.s.w.s.m.m.a.RequestMappingHandlerMapping - Mapped "{[/{name}/{profile}/{label}/**],methods=[GET],produces=[application/octet-stream]}" onto public synchronized byte[] org.springframework.cloud.config.server.resource.ResourceController.binary(java.lang.String,java.lang.String,java.lang.String,javax.servlet.http.HttpServletRequest) throws java.io.IOException
18-03-05 07:52:36.001 [main] INFO  o.s.w.s.m.m.a.RequestMappingHandlerMapping - Mapped "{[/{name}/{profile}/{label}/**],methods=[GET]}" onto public java.lang.String org.springframework.cloud.config.server.resource.ResourceController.retrieve(java.lang.String,java.lang.String,java.lang.String,javax.servlet.http.HttpServletRequest,boolean) throws java.io.IOException
18-03-05 07:52:36.002 [main] INFO  o.s.w.s.m.m.a.RequestMappingHandlerMapping - Mapped "{[/{name}/{profile}/**],methods=[GET],params=[useDefaultLabel]}" onto public java.lang.String org.springframework.cloud.config.server.resource.ResourceController.retrieve(java.lang.String,java.lang.String,javax.servlet.http.HttpServletRequest,boolean) throws java.io.IOException
18-03-05 07:52:36.040 [main] INFO  o.s.w.s.h.SimpleUrlHandlerMapping - Mapped URL path [/webjars/**] onto handler of type [class org.springframework.web.servlet.resource.ResourceHttpRequestHandler]
18-03-05 07:52:36.041 [main] INFO  o.s.w.s.h.SimpleUrlHandlerMapping - Mapped URL path [/**] onto handler of type [class org.springframework.web.servlet.resource.ResourceHttpRequestHandler]
18-03-05 07:52:36.077 [main] INFO  o.s.w.s.h.SimpleUrlHandlerMapping - Mapped URL path [/**/favicon.ico] onto handler of type [class org.springframework.web.servlet.resource.ResourceHttpRequestHandler]
18-03-05 07:52:36.585 [main] INFO  o.s.b.a.e.w.s.WebMvcEndpointHandlerMapping - Mapped "{[/actuator/health],methods=[GET],produces=[application/vnd.spring-boot.actuator.v2+json || application/json]}" onto public java.lang.Object org.springframework.boot.actuate.endpoint.web.servlet.AbstractWebMvcEndpointHandlerMapping$OperationHandler.handle(javax.servlet.http.HttpServletRequest,java.util.Map<java.lang.String, java.lang.String>)
18-03-05 07:52:36.586 [main] INFO  o.s.b.a.e.w.s.WebMvcEndpointHandlerMapping - Mapped "{[/actuator/info],methods=[GET],produces=[application/vnd.spring-boot.actuator.v2+json || application/json]}" onto public java.lang.Object org.springframework.boot.actuate.endpoint.web.servlet.AbstractWebMvcEndpointHandlerMapping$OperationHandler.handle(javax.servlet.http.HttpServletRequest,java.util.Map<java.lang.String, java.lang.String>)
18-03-05 07:52:36.587 [main] INFO  o.s.b.a.e.w.s.WebMvcEndpointHandlerMapping - Mapped "{[/actuator],methods=[GET],produces=[application/vnd.spring-boot.actuator.v2+json || application/json]}" onto protected java.util.Map<java.lang.String, java.util.Map<java.lang.String, org.springframework.boot.actuate.endpoint.web.Link>> org.springframework.boot.actuate.endpoint.web.servlet.WebMvcEndpointHandlerMapping.links(javax.servlet.http.HttpServletRequest,javax.servlet.http.HttpServletResponse)
18-03-05 07:52:36.689 [main] INFO  o.s.j.e.a.AnnotationMBeanExporter - Registering beans for JMX exposure on startup
18-03-05 07:52:36.700 [main] INFO  o.s.j.e.a.AnnotationMBeanExporter - Bean with name 'configurationPropertiesRebinder' has been autodetected for JMX exposure
18-03-05 07:52:36.702 [main] INFO  o.s.j.e.a.AnnotationMBeanExporter - Bean with name 'environmentManager' has been autodetected for JMX exposure
18-03-05 07:52:36.704 [main] INFO  o.s.j.e.a.AnnotationMBeanExporter - Bean with name 'refreshScope' has been autodetected for JMX exposure
18-03-05 07:52:36.708 [main] INFO  o.s.j.e.a.AnnotationMBeanExporter - Located managed bean 'environmentManager': registering with JMX server as MBean [org.springframework.cloud.context.environment:name=environmentManager,type=EnvironmentManager]
18-03-05 07:52:36.720 [main] INFO  o.s.j.e.a.AnnotationMBeanExporter - Located managed bean 'refreshScope': registering with JMX server as MBean [org.springframework.cloud.context.scope.refresh:name=refreshScope,type=RefreshScope]
18-03-05 07:52:36.732 [main] INFO  o.s.j.e.a.AnnotationMBeanExporter - Located managed bean 'configurationPropertiesRebinder': registering with JMX server as MBean [org.springframework.cloud.context.properties:name=configurationPropertiesRebinder,context=4b4523f8,type=ConfigurationPropertiesRebinder]
18-03-05 07:52:36.817 [main] INFO  o.s.b.w.e.tomcat.TomcatWebServer - Tomcat started on port(s): 8888 (http) with context path ''
18-03-05 07:52:36.826 [main] INFO  com.jay.config.ConfigApplicationKt - Started ConfigApplicationKt in 6.194 seconds (JVM running for 7.255)
18-03-05 07:53:29.733 [http-nio-8888-exec-1] INFO  o.a.c.c.C.[Tomcat].[localhost].[/] - Initializing Spring FrameworkServlet 'dispatcherServlet'
18-03-05 07:53:29.735 [http-nio-8888-exec-1] INFO  o.s.web.servlet.DispatcherServlet - FrameworkServlet 'dispatcherServlet': initialization started
18-03-05 07:53:29.769 [http-nio-8888-exec-1] INFO  o.s.web.servlet.DispatcherServlet - FrameworkServlet 'dispatcherServlet': initialization completed in 33 ms
18-03-05 07:53:29.963 [http-nio-8888-exec-1] INFO  o.s.c.a.AnnotationConfigApplicationContext - Refreshing org.springframework.context.annotation.AnnotationConfigApplicationContext@53a5169: startup date [Mon Mar 05 07:53:29 GMT 2018]; root of context hierarchy
18-03-05 07:53:30.024 [http-nio-8888-exec-1] INFO  o.s.c.c.s.e.NativeEnvironmentRepository - Adding property source: classpath:/configs/application.yml
18-03-05 07:53:30.025 [http-nio-8888-exec-1] INFO  o.s.c.a.AnnotationConfigApplicationContext - Closing org.springframework.context.annotation.AnnotationConfigApplicationContext@53a5169: startup date [Mon Mar 05 07:53:29 GMT 2018]; root of context hierarchy
18-03-05 07:53:40.426 [http-nio-8888-exec-2] INFO  o.s.c.a.AnnotationConfigApplicationContext - Refreshing org.springframework.context.annotation.AnnotationConfigApplicationContext@24635c2a: startup date [Mon Mar 05 07:53:40 GMT 2018]; root of context hierarchy
18-03-05 07:53:40.440 [http-nio-8888-exec-2] INFO  o.s.c.c.s.e.NativeEnvironmentRepository - Adding property source: classpath:/configs/registry.yml#docker
18-03-05 07:53:40.443 [http-nio-8888-exec-2] INFO  o.s.c.c.s.e.NativeEnvironmentRepository - Adding property source: classpath:/configs/application.yml#docker
18-03-05 07:53:40.445 [http-nio-8888-exec-2] INFO  o.s.c.c.s.e.NativeEnvironmentRepository - Adding property source: classpath:/configs/registry.yml
18-03-05 07:53:40.447 [http-nio-8888-exec-2] INFO  o.s.c.c.s.e.NativeEnvironmentRepository - Adding property source: classpath:/configs/application.yml
18-03-05 07:53:40.447 [http-nio-8888-exec-2] INFO  o.s.c.a.AnnotationConfigApplicationContext - Closing org.springframework.context.annotation.AnnotationConfigApplicationContext@24635c2a: startup date [Mon Mar 05 07:53:40 GMT 2018]; root of context hierarchy
18-03-05 07:54:30.292 [http-nio-8888-exec-4] INFO  o.s.c.a.AnnotationConfigApplicationContext - Refreshing org.springframework.context.annotation.AnnotationConfigApplicationContext@1b62f958: startup date [Mon Mar 05 07:54:30 GMT 2018]; root of context hierarchy
18-03-05 07:54:30.314 [http-nio-8888-exec-4] INFO  o.s.c.c.s.e.NativeEnvironmentRepository - Adding property source: classpath:/configs/application.yml
18-03-05 07:54:30.316 [http-nio-8888-exec-4] INFO  o.s.c.a.AnnotationConfigApplicationContext - Closing org.springframework.context.annotation.AnnotationConfigApplicationContext@1b62f958: startup date [Mon Mar 05 07:54:30 GMT 2018]; root of context hierarchy
18-03-05 07:55:30.510 [http-nio-8888-exec-6] INFO  o.s.c.a.AnnotationConfigApplicationContext - Refreshing org.springframework.context.annotation.AnnotationConfigApplicationContext@528a1bd2: startup date [Mon Mar 05 07:55:30 GMT 2018]; root of context hierarchy
18-03-05 07:55:30.531 [http-nio-8888-exec-6] INFO  o.s.c.c.s.e.NativeEnvironmentRepository - Adding property source: classpath:/configs/application.yml
18-03-05 07:55:30.538 [http-nio-8888-exec-6] INFO  o.s.c.a.AnnotationConfigApplicationContext - Closing org.springframework.context.annotation.AnnotationConfigApplicationContext@528a1bd2: startup date [Mon Mar 05 07:55:30 GMT 2018]; root of context hierarchy
18-03-05 07:55:45.802 [http-nio-8888-exec-7] INFO  o.s.c.a.AnnotationConfigApplicationContext - Refreshing org.springframework.context.annotation.AnnotationConfigApplicationContext@fd89f90: startup date [Mon Mar 05 07:55:45 GMT 2018]; root of context hierarchy
18-03-05 07:55:45.816 [http-nio-8888-exec-7] INFO  o.s.c.c.s.e.NativeEnvironmentRepository - Adding property source: classpath:/configs/gateway.yml#docker
18-03-05 07:55:45.817 [http-nio-8888-exec-7] INFO  o.s.c.c.s.e.NativeEnvironmentRepository - Adding property source: classpath:/configs/application.yml#docker
18-03-05 07:55:45.817 [http-nio-8888-exec-7] INFO  o.s.c.c.s.e.NativeEnvironmentRepository - Adding property source: classpath:/configs/gateway.yml
18-03-05 07:55:45.818 [http-nio-8888-exec-7] INFO  o.s.c.c.s.e.NativeEnvironmentRepository - Adding property source: classpath:/configs/application.yml
18-03-05 07:55:45.819 [http-nio-8888-exec-7] INFO  o.s.c.a.AnnotationConfigApplicationContext - Closing org.springframework.context.annotation.AnnotationConfigApplicationContext@fd89f90: startup date [Mon Mar 05 07:55:45 GMT 2018]; root of context hierarchy
18-03-05 07:56:12.674 [http-nio-8888-exec-9] INFO  o.s.c.a.AnnotationConfigApplicationContext - Refreshing org.springframework.context.annotation.AnnotationConfigApplicationContext@316a2521: startup date [Mon Mar 05 07:56:12 GMT 2018]; root of context hierarchy
18-03-05 07:56:12.867 [http-nio-8888-exec-9] INFO  o.s.c.c.s.e.NativeEnvironmentRepository - Adding property source: classpath:/configs/edge.yml#docker
18-03-05 07:56:12.913 [http-nio-8888-exec-9] INFO  o.s.c.c.s.e.NativeEnvironmentRepository - Adding property source: classpath:/configs/application.yml#docker
18-03-05 07:56:12.916 [http-nio-8888-exec-9] INFO  o.s.c.c.s.e.NativeEnvironmentRepository - Adding property source: classpath:/configs/edge.yml
18-03-05 07:56:12.918 [http-nio-8888-exec-9] INFO  o.s.c.c.s.e.NativeEnvironmentRepository - Adding property source: classpath:/configs/application.yml
18-03-05 07:56:12.919 [http-nio-8888-exec-9] INFO  o.s.c.a.AnnotationConfigApplicationContext - Closing org.springframework.context.annotation.AnnotationConfigApplicationContext@316a2521: startup date [Mon Mar 05 07:56:12 GMT 2018]; root of context hierarchy
18-03-05 07:56:13.868 [http-nio-8888-exec-10] INFO  o.s.c.a.AnnotationConfigApplicationContext - Refreshing org.springframework.context.annotation.AnnotationConfigApplicationContext@1be52530: startup date [Mon Mar 05 07:56:13 GMT 2018]; root of context hierarchy
18-03-05 07:56:13.935 [http-nio-8888-exec-10] INFO  o.s.c.c.s.e.NativeEnvironmentRepository - Adding property source: classpath:/configs/edge.yml#docker
18-03-05 07:56:13.961 [http-nio-8888-exec-10] INFO  o.s.c.c.s.e.NativeEnvironmentRepository - Adding property source: classpath:/configs/application.yml#docker
18-03-05 07:56:13.962 [http-nio-8888-exec-10] INFO  o.s.c.c.s.e.NativeEnvironmentRepository - Adding property source: classpath:/configs/edge.yml
18-03-05 07:56:13.963 [http-nio-8888-exec-10] INFO  o.s.c.c.s.e.NativeEnvironmentRepository - Adding property source: classpath:/configs/application.yml
18-03-05 07:56:13.964 [http-nio-8888-exec-10] INFO  o.s.c.a.AnnotationConfigApplicationContext - Closing org.springframework.context.annotation.AnnotationConfigApplicationContext@1be52530: startup date [Mon Mar 05 07:56:13 GMT 2018]; root of context hierarchy
18-03-05 07:56:31.232 [http-nio-8888-exec-3] INFO  o.s.c.a.AnnotationConfigApplicationContext - Refreshing org.springframework.context.annotation.AnnotationConfigApplicationContext@5b45a244: startup date [Mon Mar 05 07:56:31 GMT 2018]; root of context hierarchy
18-03-05 07:56:31.339 [http-nio-8888-exec-3] INFO  o.s.c.c.s.e.NativeEnvironmentRepository - Adding property source: classpath:/configs/application.yml
18-03-05 07:56:31.340 [http-nio-8888-exec-3] INFO  o.s.c.a.AnnotationConfigApplicationContext - Closing org.springframework.context.annotation.AnnotationConfigApplicationContext@5b45a244: startup date [Mon Mar 05 07:56:31 GMT 2018]; root of context hierarchy
18-03-05 07:57:31.665 [http-nio-8888-exec-4] INFO  o.s.c.a.AnnotationConfigApplicationContext - Refreshing org.springframework.context.annotation.AnnotationConfigApplicationContext@5f8d972b: startup date [Mon Mar 05 07:57:31 GMT 2018]; root of context hierarchy
18-03-05 07:57:31.719 [http-nio-8888-exec-4] INFO  o.s.c.c.s.e.NativeEnvironmentRepository - Adding property source: classpath:/configs/application.yml
18-03-05 07:57:31.720 [http-nio-8888-exec-4] INFO  o.s.c.a.AnnotationConfigApplicationContext - Closing org.springframework.context.annotation.AnnotationConfigApplicationContext@5f8d972b: startup date [Mon Mar 05 07:57:31 GMT 2018]; root of context hierarchy
18-03-05 07:58:31.947 [http-nio-8888-exec-6] INFO  o.s.c.a.AnnotationConfigApplicationContext - Refreshing org.springframework.context.annotation.AnnotationConfigApplicationContext@26c6658f: startup date [Mon Mar 05 07:58:31 GMT 2018]; root of context hierarchy
18-03-05 07:58:31.995 [http-nio-8888-exec-6] INFO  o.s.c.c.s.e.NativeEnvironmentRepository - Adding property source: classpath:/configs/application.yml
18-03-05 07:58:31.996 [http-nio-8888-exec-6] INFO  o.s.c.a.AnnotationConfigApplicationContext - Closing org.springframework.context.annotation.AnnotationConfigApplicationContext@26c6658f: startup date [Mon Mar 05 07:58:31 GMT 2018]; root of context hierarchy
18-03-05 07:59:32.209 [http-nio-8888-exec-7] INFO  o.s.c.a.AnnotationConfigApplicationContext - Refreshing org.springframework.context.annotation.AnnotationConfigApplicationContext@13c99233: startup date [Mon Mar 05 07:59:32 GMT 2018]; root of context hierarchy
18-03-05 07:59:32.246 [http-nio-8888-exec-7] INFO  o.s.c.c.s.e.NativeEnvironmentRepository - Adding property source: classpath:/configs/application.yml
18-03-05 07:59:32.247 [http-nio-8888-exec-7] INFO  o.s.c.a.AnnotationConfigApplicationContext - Closing org.springframework.context.annotation.AnnotationConfigApplicationContext@13c99233: startup date [Mon Mar 05 07:59:32 GMT 2018]; root of context hierarchy
18-03-05 08:02:00.067 [http-nio-8888-exec-9] INFO  o.s.c.a.AnnotationConfigApplicationContext - Refreshing org.springframework.context.annotation.AnnotationConfigApplicationContext@2f6a17b2: startup date [Mon Mar 05 08:02:00 GMT 2018]; root of context hierarchy
18-03-05 08:02:00.119 [http-nio-8888-exec-9] INFO  o.s.c.c.s.e.NativeEnvironmentRepository - Adding property source: classpath:/configs/application.yml
18-03-05 08:02:00.120 [http-nio-8888-exec-9] INFO  o.s.c.a.AnnotationConfigApplicationContext - Closing org.springframework.context.annotation.AnnotationConfigApplicationContext@2f6a17b2: startup date [Mon Mar 05 08:02:00 GMT 2018]; root of context hierarchy
18-03-05 08:03:00.343 [http-nio-8888-exec-1] INFO  o.s.c.a.AnnotationConfigApplicationContext - Refreshing org.springframework.context.annotation.AnnotationConfigApplicationContext@5a2eb762: startup date [Mon Mar 05 08:03:00 GMT 2018]; root of context hierarchy
18-03-05 08:03:00.372 [http-nio-8888-exec-1] INFO  o.s.c.c.s.e.NativeEnvironmentRepository - Adding property source: classpath:/configs/application.yml
18-03-05 08:03:00.375 [http-nio-8888-exec-1] INFO  o.s.c.a.AnnotationConfigApplicationContext - Closing org.springframework.context.annotation.AnnotationConfigApplicationContext@5a2eb762: startup date [Mon Mar 05 08:03:00 GMT 2018]; root of context hierarchy
18-03-05 08:04:00.590 [http-nio-8888-exec-2] INFO  o.s.c.a.AnnotationConfigApplicationContext - Refreshing org.springframework.context.annotation.AnnotationConfigApplicationContext@764a876b: startup date [Mon Mar 05 08:04:00 GMT 2018]; root of context hierarchy
18-03-05 08:04:00.652 [http-nio-8888-exec-2] INFO  o.s.c.c.s.e.NativeEnvironmentRepository - Adding property source: classpath:/configs/application.yml
18-03-05 08:04:00.653 [http-nio-8888-exec-2] INFO  o.s.c.a.AnnotationConfigApplicationContext - Closing org.springframework.context.annotation.AnnotationConfigApplicationContext@764a876b: startup date [Mon Mar 05 08:04:00 GMT 2018]; root of context hierarchy
18-03-05 08:05:00.839 [http-nio-8888-exec-4] INFO  o.s.c.a.AnnotationConfigApplicationContext - Refreshing org.springframework.context.annotation.AnnotationConfigApplicationContext@2c2526e2: startup date [Mon Mar 05 08:05:00 GMT 2018]; root of context hierarchy
18-03-05 08:05:00.879 [http-nio-8888-exec-4] INFO  o.s.c.c.s.e.NativeEnvironmentRepository - Adding property source: classpath:/configs/application.yml
18-03-05 08:05:00.880 [http-nio-8888-exec-4] INFO  o.s.c.a.AnnotationConfigApplicationContext - Closing org.springframework.context.annotation.AnnotationConfigApplicationContext@2c2526e2: startup date [Mon Mar 05 08:05:00 GMT 2018]; root of context hierarchy
18-03-05 08:06:01.059 [http-nio-8888-exec-6] INFO  o.s.c.a.AnnotationConfigApplicationContext - Refreshing org.springframework.context.annotation.AnnotationConfigApplicationContext@3ebeb327: startup date [Mon Mar 05 08:06:01 GMT 2018]; root of context hierarchy
18-03-05 08:06:01.088 [http-nio-8888-exec-6] INFO  o.s.c.c.s.e.NativeEnvironmentRepository - Adding property source: classpath:/configs/application.yml
18-03-05 08:06:01.089 [http-nio-8888-exec-6] INFO  o.s.c.a.AnnotationConfigApplicationContext - Closing org.springframework.context.annotation.AnnotationConfigApplicationContext@3ebeb327: startup date [Mon Mar 05 08:06:01 GMT 2018]; root of context hierarchy
18-03-05 08:07:01.378 [http-nio-8888-exec-7] INFO  o.s.c.a.AnnotationConfigApplicationContext - Refreshing org.springframework.context.annotation.AnnotationConfigApplicationContext@657c9dcf: startup date [Mon Mar 05 08:07:01 GMT 2018]; root of context hierarchy
18-03-05 08:07:01.411 [http-nio-8888-exec-7] INFO  o.s.c.c.s.e.NativeEnvironmentRepository - Adding property source: classpath:/configs/application.yml
18-03-05 08:07:01.412 [http-nio-8888-exec-7] INFO  o.s.c.a.AnnotationConfigApplicationContext - Closing org.springframework.context.annotation.AnnotationConfigApplicationContext@657c9dcf: startup date [Mon Mar 05 08:07:01 GMT 2018]; root of context hierarchy
18-03-05 08:08:01.603 [http-nio-8888-exec-9] INFO  o.s.c.a.AnnotationConfigApplicationContext - Refreshing org.springframework.context.annotation.AnnotationConfigApplicationContext@34510fd1: startup date [Mon Mar 05 08:08:01 GMT 2018]; root of context hierarchy
18-03-05 08:08:01.653 [http-nio-8888-exec-9] INFO  o.s.c.c.s.e.NativeEnvironmentRepository - Adding property source: classpath:/configs/application.yml
18-03-05 08:08:01.654 [http-nio-8888-exec-9] INFO  o.s.c.a.AnnotationConfigApplicationContext - Closing org.springframework.context.annotation.AnnotationConfigApplicationContext@34510fd1: startup date [Mon Mar 05 08:08:01 GMT 2018]; root of context hierarchy
18-03-05 08:09:02.212 [http-nio-8888-exec-1] INFO  o.s.c.a.AnnotationConfigApplicationContext - Refreshing org.springframework.context.annotation.AnnotationConfigApplicationContext@73f6022c: startup date [Mon Mar 05 08:09:02 GMT 2018]; root of context hierarchy
18-03-05 08:09:02.320 [http-nio-8888-exec-1] INFO  o.s.c.c.s.e.NativeEnvironmentRepository - Adding property source: classpath:/configs/application.yml
18-03-05 08:09:02.321 [http-nio-8888-exec-1] INFO  o.s.c.a.AnnotationConfigApplicationContext - Closing org.springframework.context.annotation.AnnotationConfigApplicationContext@73f6022c: startup date [Mon Mar 05 08:09:02 GMT 2018]; root of context hierarchy
18-03-05 08:10:02.517 [http-nio-8888-exec-2] INFO  o.s.c.a.AnnotationConfigApplicationContext - Refreshing org.springframework.context.annotation.AnnotationConfigApplicationContext@795a9aca: startup date [Mon Mar 05 08:10:02 GMT 2018]; root of context hierarchy
18-03-05 08:10:02.548 [http-nio-8888-exec-2] INFO  o.s.c.c.s.e.NativeEnvironmentRepository - Adding property source: classpath:/configs/application.yml
18-03-05 08:10:02.550 [http-nio-8888-exec-2] INFO  o.s.c.a.AnnotationConfigApplicationContext - Closing org.springframework.context.annotation.AnnotationConfigApplicationContext@795a9aca: startup date [Mon Mar 05 08:10:02 GMT 2018]; root of context hierarchy
18-03-05 08:11:02.804 [http-nio-8888-exec-3] INFO  o.s.c.a.AnnotationConfigApplicationContext - Refreshing org.springframework.context.annotation.AnnotationConfigApplicationContext@f78007e: startup date [Mon Mar 05 08:11:02 GMT 2018]; root of context hierarchy
18-03-05 08:11:02.874 [http-nio-8888-exec-3] INFO  o.s.c.c.s.e.NativeEnvironmentRepository - Adding property source: classpath:/configs/application.yml
18-03-05 08:11:02.875 [http-nio-8888-exec-3] INFO  o.s.c.a.AnnotationConfigApplicationContext - Closing org.springframework.context.annotation.AnnotationConfigApplicationContext@f78007e: startup date [Mon Mar 05 08:11:02 GMT 2018]; root of context hierarchy
18-03-05 08:12:03.070 [http-nio-8888-exec-5] INFO  o.s.c.a.AnnotationConfigApplicationContext - Refreshing org.springframework.context.annotation.AnnotationConfigApplicationContext@5087a209: startup date [Mon Mar 05 08:12:03 GMT 2018]; root of context hierarchy
18-03-05 08:12:03.102 [http-nio-8888-exec-5] INFO  o.s.c.c.s.e.NativeEnvironmentRepository - Adding property source: classpath:/configs/application.yml
18-03-05 08:12:03.103 [http-nio-8888-exec-5] INFO  o.s.c.a.AnnotationConfigApplicationContext - Closing org.springframework.context.annotation.AnnotationConfigApplicationContext@5087a209: startup date [Mon Mar 05 08:12:03 GMT 2018]; root of context hierarchy
18-03-05 08:13:04.608 [http-nio-8888-exec-7] INFO  o.s.c.a.AnnotationConfigApplicationContext - Refreshing org.springframework.context.annotation.AnnotationConfigApplicationContext@47d8e0d5: startup date [Mon Mar 05 08:13:04 GMT 2018]; root of context hierarchy
18-03-05 08:13:04.667 [http-nio-8888-exec-7] INFO  o.s.c.c.s.e.NativeEnvironmentRepository - Adding property source: classpath:/configs/application.yml
18-03-05 08:13:04.668 [http-nio-8888-exec-7] INFO  o.s.c.a.AnnotationConfigApplicationContext - Closing org.springframework.context.annotation.AnnotationConfigApplicationContext@47d8e0d5: startup date [Mon Mar 05 08:13:04 GMT 2018]; root of context hierarchy
18-03-05 08:14:04.890 [http-nio-8888-exec-8] INFO  o.s.c.a.AnnotationConfigApplicationContext - Refreshing org.springframework.context.annotation.AnnotationConfigApplicationContext@328c42f7: startup date [Mon Mar 05 08:14:04 GMT 2018]; root of context hierarchy
18-03-05 08:14:04.932 [http-nio-8888-exec-8] INFO  o.s.c.c.s.e.NativeEnvironmentRepository - Adding property source: classpath:/configs/application.yml
18-03-05 08:14:04.933 [http-nio-8888-exec-8] INFO  o.s.c.a.AnnotationConfigApplicationContext - Closing org.springframework.context.annotation.AnnotationConfigApplicationContext@328c42f7: startup date [Mon Mar 05 08:14:04 GMT 2018]; root of context hierarchy
18-03-05 08:15:05.102 [http-nio-8888-exec-9] INFO  o.s.c.a.AnnotationConfigApplicationContext - Refreshing org.springframework.context.annotation.AnnotationConfigApplicationContext@466edcf1: startup date [Mon Mar 05 08:15:05 GMT 2018]; root of context hierarchy
18-03-05 08:15:05.152 [http-nio-8888-exec-9] INFO  o.s.c.c.s.e.NativeEnvironmentRepository - Adding property source: classpath:/configs/application.yml
18-03-05 08:15:05.153 [http-nio-8888-exec-9] INFO  o.s.c.a.AnnotationConfigApplicationContext - Closing org.springframework.context.annotation.AnnotationConfigApplicationContext@466edcf1: startup date [Mon Mar 05 08:15:05 GMT 2018]; root of context hierarchy
18-03-05 08:16:05.373 [http-nio-8888-exec-10] INFO  o.s.c.a.AnnotationConfigApplicationContext - Refreshing org.springframework.context.annotation.AnnotationConfigApplicationContext@53e2706: startup date [Mon Mar 05 08:16:05 GMT 2018]; root of context hierarchy
18-03-05 08:16:05.405 [http-nio-8888-exec-10] INFO  o.s.c.c.s.e.NativeEnvironmentRepository - Adding property source: classpath:/configs/application.yml
18-03-05 08:16:05.406 [http-nio-8888-exec-10] INFO  o.s.c.a.AnnotationConfigApplicationContext - Closing org.springframework.context.annotation.AnnotationConfigApplicationContext@53e2706: startup date [Mon Mar 05 08:16:05 GMT 2018]; root of context hierarchy
18-03-05 08:17:05.580 [http-nio-8888-exec-2] INFO  o.s.c.a.AnnotationConfigApplicationContext - Refreshing org.springframework.context.annotation.AnnotationConfigApplicationContext@4adfba2a: startup date [Mon Mar 05 08:17:05 GMT 2018]; root of context hierarchy
18-03-05 08:17:05.607 [http-nio-8888-exec-2] INFO  o.s.c.c.s.e.NativeEnvironmentRepository - Adding property source: classpath:/configs/application.yml
18-03-05 08:17:05.607 [http-nio-8888-exec-2] INFO  o.s.c.a.AnnotationConfigApplicationContext - Closing org.springframework.context.annotation.AnnotationConfigApplicationContext@4adfba2a: startup date [Mon Mar 05 08:17:05 GMT 2018]; root of context hierarchy
18-03-05 08:18:05.860 [http-nio-8888-exec-3] INFO  o.s.c.a.AnnotationConfigApplicationContext - Refreshing org.springframework.context.annotation.AnnotationConfigApplicationContext@75dce160: startup date [Mon Mar 05 08:18:05 GMT 2018]; root of context hierarchy
18-03-05 08:18:05.939 [http-nio-8888-exec-3] INFO  o.s.c.c.s.e.NativeEnvironmentRepository - Adding property source: classpath:/configs/application.yml
18-03-05 08:18:05.941 [http-nio-8888-exec-3] INFO  o.s.c.a.AnnotationConfigApplicationContext - Closing org.springframework.context.annotation.AnnotationConfigApplicationContext@75dce160: startup date [Mon Mar 05 08:18:05 GMT 2018]; root of context hierarchy
18-03-05 08:19:06.114 [http-nio-8888-exec-5] INFO  o.s.c.a.AnnotationConfigApplicationContext - Refreshing org.springframework.context.annotation.AnnotationConfigApplicationContext@57fe9d0a: startup date [Mon Mar 05 08:19:06 GMT 2018]; root of context hierarchy
18-03-05 08:19:06.134 [http-nio-8888-exec-5] INFO  o.s.c.c.s.e.NativeEnvironmentRepository - Adding property source: classpath:/configs/application.yml
18-03-05 08:19:06.135 [http-nio-8888-exec-5] INFO  o.s.c.a.AnnotationConfigApplicationContext - Closing org.springframework.context.annotation.AnnotationConfigApplicationContext@57fe9d0a: startup date [Mon Mar 05 08:19:06 GMT 2018]; root of context hierarchy
18-03-05 08:20:06.270 [http-nio-8888-exec-6] INFO  o.s.c.a.AnnotationConfigApplicationContext - Refreshing org.springframework.context.annotation.AnnotationConfigApplicationContext@6cf125f7: startup date [Mon Mar 05 08:20:06 GMT 2018]; root of context hierarchy
18-03-05 08:20:06.291 [http-nio-8888-exec-6] INFO  o.s.c.c.s.e.NativeEnvironmentRepository - Adding property source: classpath:/configs/application.yml
18-03-05 08:20:06.293 [http-nio-8888-exec-6] INFO  o.s.c.a.AnnotationConfigApplicationContext - Closing org.springframework.context.annotation.AnnotationConfigApplicationContext@6cf125f7: startup date [Mon Mar 05 08:20:06 GMT 2018]; root of context hierarchy
18-03-05 08:21:06.439 [http-nio-8888-exec-8] INFO  o.s.c.a.AnnotationConfigApplicationContext - Refreshing org.springframework.context.annotation.AnnotationConfigApplicationContext@3af495eb: startup date [Mon Mar 05 08:21:06 GMT 2018]; root of context hierarchy
18-03-05 08:21:06.458 [http-nio-8888-exec-8] INFO  o.s.c.c.s.e.NativeEnvironmentRepository - Adding property source: classpath:/configs/application.yml
18-03-05 08:21:06.459 [http-nio-8888-exec-8] INFO  o.s.c.a.AnnotationConfigApplicationContext - Closing org.springframework.context.annotation.AnnotationConfigApplicationContext@3af495eb: startup date [Mon Mar 05 08:21:06 GMT 2018]; root of context hierarchy
18-03-05 08:22:06.598 [http-nio-8888-exec-9] INFO  o.s.c.a.AnnotationConfigApplicationContext - Refreshing org.springframework.context.annotation.AnnotationConfigApplicationContext@20b58207: startup date [Mon Mar 05 08:22:06 GMT 2018]; root of context hierarchy
18-03-05 08:22:06.613 [http-nio-8888-exec-9] INFO  o.s.c.c.s.e.NativeEnvironmentRepository - Adding property source: classpath:/configs/application.yml
18-03-05 08:22:06.614 [http-nio-8888-exec-9] INFO  o.s.c.a.AnnotationConfigApplicationContext - Closing org.springframework.context.annotation.AnnotationConfigApplicationContext@20b58207: startup date [Mon Mar 05 08:22:06 GMT 2018]; root of context hierarchy
18-03-05 08:23:06.765 [http-nio-8888-exec-1] INFO  o.s.c.a.AnnotationConfigApplicationContext - Refreshing org.springframework.context.annotation.AnnotationConfigApplicationContext@550ef86e: startup date [Mon Mar 05 08:23:06 GMT 2018]; root of context hierarchy
18-03-05 08:23:06.782 [http-nio-8888-exec-1] INFO  o.s.c.c.s.e.NativeEnvironmentRepository - Adding property source: classpath:/configs/application.yml
18-03-05 08:23:06.786 [http-nio-8888-exec-1] INFO  o.s.c.a.AnnotationConfigApplicationContext - Closing org.springframework.context.annotation.AnnotationConfigApplicationContext@550ef86e: startup date [Mon Mar 05 08:23:06 GMT 2018]; root of context hierarchy
18-03-05 08:24:06.919 [http-nio-8888-exec-3] INFO  o.s.c.a.AnnotationConfigApplicationContext - Refreshing org.springframework.context.annotation.AnnotationConfigApplicationContext@55ca0ac4: startup date [Mon Mar 05 08:24:06 GMT 2018]; root of context hierarchy
18-03-05 08:24:06.937 [http-nio-8888-exec-3] INFO  o.s.c.c.s.e.NativeEnvironmentRepository - Adding property source: classpath:/configs/application.yml
18-03-05 08:24:06.938 [http-nio-8888-exec-3] INFO  o.s.c.a.AnnotationConfigApplicationContext - Closing org.springframework.context.annotation.AnnotationConfigApplicationContext@55ca0ac4: startup date [Mon Mar 05 08:24:06 GMT 2018]; root of context hierarchy
18-03-05 08:25:07.077 [http-nio-8888-exec-5] INFO  o.s.c.a.AnnotationConfigApplicationContext - Refreshing org.springframework.context.annotation.AnnotationConfigApplicationContext@5d4c12e5: startup date [Mon Mar 05 08:25:07 GMT 2018]; root of context hierarchy
18-03-05 08:25:07.094 [http-nio-8888-exec-5] INFO  o.s.c.c.s.e.NativeEnvironmentRepository - Adding property source: classpath:/configs/application.yml
18-03-05 08:25:07.094 [http-nio-8888-exec-5] INFO  o.s.c.a.AnnotationConfigApplicationContext - Closing org.springframework.context.annotation.AnnotationConfigApplicationContext@5d4c12e5: startup date [Mon Mar 05 08:25:07 GMT 2018]; root of context hierarchy
18-03-05 08:26:07.230 [http-nio-8888-exec-7] INFO  o.s.c.a.AnnotationConfigApplicationContext - Refreshing org.springframework.context.annotation.AnnotationConfigApplicationContext@19012896: startup date [Mon Mar 05 08:26:07 GMT 2018]; root of context hierarchy
18-03-05 08:26:07.248 [http-nio-8888-exec-7] INFO  o.s.c.c.s.e.NativeEnvironmentRepository - Adding property source: classpath:/configs/application.yml
18-03-05 08:26:07.249 [http-nio-8888-exec-7] INFO  o.s.c.a.AnnotationConfigApplicationContext - Closing org.springframework.context.annotation.AnnotationConfigApplicationContext@19012896: startup date [Mon Mar 05 08:26:07 GMT 2018]; root of context hierarchy
18-03-05 08:27:07.387 [http-nio-8888-exec-9] INFO  o.s.c.a.AnnotationConfigApplicationContext - Refreshing org.springframework.context.annotation.AnnotationConfigApplicationContext@1e1124ca: startup date [Mon Mar 05 08:27:07 GMT 2018]; root of context hierarchy
18-03-05 08:27:07.405 [http-nio-8888-exec-9] INFO  o.s.c.c.s.e.NativeEnvironmentRepository - Adding property source: classpath:/configs/application.yml
18-03-05 08:27:07.406 [http-nio-8888-exec-9] INFO  o.s.c.a.AnnotationConfigApplicationContext - Closing org.springframework.context.annotation.AnnotationConfigApplicationContext@1e1124ca: startup date [Mon Mar 05 08:27:07 GMT 2018]; root of context hierarchy
18-03-05 08:28:07.548 [http-nio-8888-exec-1] INFO  o.s.c.a.AnnotationConfigApplicationContext - Refreshing org.springframework.context.annotation.AnnotationConfigApplicationContext@751f2723: startup date [Mon Mar 05 08:28:07 GMT 2018]; root of context hierarchy
18-03-05 08:28:07.570 [http-nio-8888-exec-1] INFO  o.s.c.c.s.e.NativeEnvironmentRepository - Adding property source: classpath:/configs/application.yml
18-03-05 08:28:07.571 [http-nio-8888-exec-1] INFO  o.s.c.a.AnnotationConfigApplicationContext - Closing org.springframework.context.annotation.AnnotationConfigApplicationContext@751f2723: startup date [Mon Mar 05 08:28:07 GMT 2018]; root of context hierarchy
18-03-05 08:29:07.725 [http-nio-8888-exec-3] INFO  o.s.c.a.AnnotationConfigApplicationContext - Refreshing org.springframework.context.annotation.AnnotationConfigApplicationContext@34be22a5: startup date [Mon Mar 05 08:29:07 GMT 2018]; root of context hierarchy
18-03-05 08:29:07.786 [http-nio-8888-exec-3] INFO  o.s.c.c.s.e.NativeEnvironmentRepository - Adding property source: classpath:/configs/application.yml
18-03-05 08:29:07.786 [http-nio-8888-exec-3] INFO  o.s.c.a.AnnotationConfigApplicationContext - Closing org.springframework.context.annotation.AnnotationConfigApplicationContext@34be22a5: startup date [Mon Mar 05 08:29:07 GMT 2018]; root of context hierarchy
18-03-05 08:30:07.964 [http-nio-8888-exec-5] INFO  o.s.c.a.AnnotationConfigApplicationContext - Refreshing org.springframework.context.annotation.AnnotationConfigApplicationContext@41c80a19: startup date [Mon Mar 05 08:30:07 GMT 2018]; root of context hierarchy
18-03-05 08:30:08.004 [http-nio-8888-exec-5] INFO  o.s.c.c.s.e.NativeEnvironmentRepository - Adding property source: classpath:/configs/application.yml
18-03-05 08:30:08.006 [http-nio-8888-exec-5] INFO  o.s.c.a.AnnotationConfigApplicationContext - Closing org.springframework.context.annotation.AnnotationConfigApplicationContext@41c80a19: startup date [Mon Mar 05 08:30:07 GMT 2018]; root of context hierarchy
18-03-05 08:31:08.281 [http-nio-8888-exec-7] INFO  o.s.c.a.AnnotationConfigApplicationContext - Refreshing org.springframework.context.annotation.AnnotationConfigApplicationContext@75ccf70: startup date [Mon Mar 05 08:31:08 GMT 2018]; root of context hierarchy
18-03-05 08:31:08.319 [http-nio-8888-exec-7] INFO  o.s.c.c.s.e.NativeEnvironmentRepository - Adding property source: classpath:/configs/application.yml
18-03-05 08:31:08.321 [http-nio-8888-exec-7] INFO  o.s.c.a.AnnotationConfigApplicationContext - Closing org.springframework.context.annotation.AnnotationConfigApplicationContext@75ccf70: startup date [Mon Mar 05 08:31:08 GMT 2018]; root of context hierarchy
18-03-05 08:32:08.449 [http-nio-8888-exec-9] INFO  o.s.c.a.AnnotationConfigApplicationContext - Refreshing org.springframework.context.annotation.AnnotationConfigApplicationContext@37ace165: startup date [Mon Mar 05 08:32:08 GMT 2018]; root of context hierarchy
18-03-05 08:32:08.467 [http-nio-8888-exec-9] INFO  o.s.c.c.s.e.NativeEnvironmentRepository - Adding property source: classpath:/configs/application.yml
18-03-05 08:32:08.468 [http-nio-8888-exec-9] INFO  o.s.c.a.AnnotationConfigApplicationContext - Closing org.springframework.context.annotation.AnnotationConfigApplicationContext@37ace165: startup date [Mon Mar 05 08:32:08 GMT 2018]; root of context hierarchy
18-03-05 08:33:08.603 [http-nio-8888-exec-10] INFO  o.s.c.a.AnnotationConfigApplicationContext - Refreshing org.springframework.context.annotation.AnnotationConfigApplicationContext@4e69cf70: startup date [Mon Mar 05 08:33:08 GMT 2018]; root of context hierarchy
18-03-05 08:33:08.626 [http-nio-8888-exec-10] INFO  o.s.c.c.s.e.NativeEnvironmentRepository - Adding property source: classpath:/configs/application.yml
18-03-05 08:33:08.626 [http-nio-8888-exec-10] INFO  o.s.c.a.AnnotationConfigApplicationContext - Closing org.springframework.context.annotation.AnnotationConfigApplicationContext@4e69cf70: startup date [Mon Mar 05 08:33:08 GMT 2018]; root of context hierarchy
18-03-05 08:34:08.763 [http-nio-8888-exec-2] INFO  o.s.c.a.AnnotationConfigApplicationContext - Refreshing org.springframework.context.annotation.AnnotationConfigApplicationContext@67e12ff5: startup date [Mon Mar 05 08:34:08 GMT 2018]; root of context hierarchy
18-03-05 08:34:08.774 [http-nio-8888-exec-2] INFO  o.s.c.c.s.e.NativeEnvironmentRepository - Adding property source: classpath:/configs/application.yml
18-03-05 08:34:08.775 [http-nio-8888-exec-2] INFO  o.s.c.a.AnnotationConfigApplicationContext - Closing org.springframework.context.annotation.AnnotationConfigApplicationContext@67e12ff5: startup date [Mon Mar 05 08:34:08 GMT 2018]; root of context hierarchy
18-03-05 08:35:08.953 [http-nio-8888-exec-4] INFO  o.s.c.a.AnnotationConfigApplicationContext - Refreshing org.springframework.context.annotation.AnnotationConfigApplicationContext@556e5555: startup date [Mon Mar 05 08:35:08 GMT 2018]; root of context hierarchy
18-03-05 08:35:08.965 [http-nio-8888-exec-4] INFO  o.s.c.c.s.e.NativeEnvironmentRepository - Adding property source: classpath:/configs/application.yml
18-03-05 08:35:08.966 [http-nio-8888-exec-4] INFO  o.s.c.a.AnnotationConfigApplicationContext - Closing org.springframework.context.annotation.AnnotationConfigApplicationContext@556e5555: startup date [Mon Mar 05 08:35:08 GMT 2018]; root of context hierarchy
18-03-05 08:36:09.120 [http-nio-8888-exec-5] INFO  o.s.c.a.AnnotationConfigApplicationContext - Refreshing org.springframework.context.annotation.AnnotationConfigApplicationContext@51369dc0: startup date [Mon Mar 05 08:36:09 GMT 2018]; root of context hierarchy
18-03-05 08:36:09.140 [http-nio-8888-exec-5] INFO  o.s.c.c.s.e.NativeEnvironmentRepository - Adding property source: classpath:/configs/application.yml
18-03-05 08:36:09.142 [http-nio-8888-exec-5] INFO  o.s.c.a.AnnotationConfigApplicationContext - Closing org.springframework.context.annotation.AnnotationConfigApplicationContext@51369dc0: startup date [Mon Mar 05 08:36:09 GMT 2018]; root of context hierarchy
18-03-05 08:37:09.455 [http-nio-8888-exec-7] INFO  o.s.c.a.AnnotationConfigApplicationContext - Refreshing org.springframework.context.annotation.AnnotationConfigApplicationContext@1f7b7d8: startup date [Mon Mar 05 08:37:09 GMT 2018]; root of context hierarchy
18-03-05 08:37:09.479 [http-nio-8888-exec-7] INFO  o.s.c.c.s.e.NativeEnvironmentRepository - Adding property source: classpath:/configs/application.yml
18-03-05 08:37:09.480 [http-nio-8888-exec-7] INFO  o.s.c.a.AnnotationConfigApplicationContext - Closing org.springframework.context.annotation.AnnotationConfigApplicationContext@1f7b7d8: startup date [Mon Mar 05 08:37:09 GMT 2018]; root of context hierarchy
18-03-05 08:38:09.629 [http-nio-8888-exec-9] INFO  o.s.c.a.AnnotationConfigApplicationContext - Refreshing org.springframework.context.annotation.AnnotationConfigApplicationContext@7edb586c: startup date [Mon Mar 05 08:38:09 GMT 2018]; root of context hierarchy
18-03-05 08:38:09.640 [http-nio-8888-exec-9] INFO  o.s.c.c.s.e.NativeEnvironmentRepository - Adding property source: classpath:/configs/application.yml
18-03-05 08:38:09.642 [http-nio-8888-exec-9] INFO  o.s.c.a.AnnotationConfigApplicationContext - Closing org.springframework.context.annotation.AnnotationConfigApplicationContext@7edb586c: startup date [Mon Mar 05 08:38:09 GMT 2018]; root of context hierarchy
18-03-05 08:39:09.814 [http-nio-8888-exec-1] INFO  o.s.c.a.AnnotationConfigApplicationContext - Refreshing org.springframework.context.annotation.AnnotationConfigApplicationContext@a55a30: startup date [Mon Mar 05 08:39:09 GMT 2018]; root of context hierarchy
18-03-05 08:39:09.831 [http-nio-8888-exec-1] INFO  o.s.c.c.s.e.NativeEnvironmentRepository - Adding property source: classpath:/configs/application.yml
18-03-05 08:39:09.831 [http-nio-8888-exec-1] INFO  o.s.c.a.AnnotationConfigApplicationContext - Closing org.springframework.context.annotation.AnnotationConfigApplicationContext@a55a30: startup date [Mon Mar 05 08:39:09 GMT 2018]; root of context hierarchy
18-03-05 08:40:09.978 [http-nio-8888-exec-2] INFO  o.s.c.a.AnnotationConfigApplicationContext - Refreshing org.springframework.context.annotation.AnnotationConfigApplicationContext@18cee365: startup date [Mon Mar 05 08:40:09 GMT 2018]; root of context hierarchy
18-03-05 08:40:09.997 [http-nio-8888-exec-2] INFO  o.s.c.c.s.e.NativeEnvironmentRepository - Adding property source: classpath:/configs/application.yml
18-03-05 08:40:09.999 [http-nio-8888-exec-2] INFO  o.s.c.a.AnnotationConfigApplicationContext - Closing org.springframework.context.annotation.AnnotationConfigApplicationContext@18cee365: startup date [Mon Mar 05 08:40:09 GMT 2018]; root of context hierarchy
18-03-05 08:41:10.128 [http-nio-8888-exec-4] INFO  o.s.c.a.AnnotationConfigApplicationContext - Refreshing org.springframework.context.annotation.AnnotationConfigApplicationContext@3083aaea: startup date [Mon Mar 05 08:41:10 GMT 2018]; root of context hierarchy
18-03-05 08:41:10.150 [http-nio-8888-exec-4] INFO  o.s.c.c.s.e.NativeEnvironmentRepository - Adding property source: classpath:/configs/application.yml
18-03-05 08:41:10.151 [http-nio-8888-exec-4] INFO  o.s.c.a.AnnotationConfigApplicationContext - Closing org.springframework.context.annotation.AnnotationConfigApplicationContext@3083aaea: startup date [Mon Mar 05 08:41:10 GMT 2018]; root of context hierarchy
18-03-05 08:42:10.299 [http-nio-8888-exec-6] INFO  o.s.c.a.AnnotationConfigApplicationContext - Refreshing org.springframework.context.annotation.AnnotationConfigApplicationContext@8e7695c: startup date [Mon Mar 05 08:42:10 GMT 2018]; root of context hierarchy
18-03-05 08:42:10.317 [http-nio-8888-exec-6] INFO  o.s.c.c.s.e.NativeEnvironmentRepository - Adding property source: classpath:/configs/application.yml
18-03-05 08:42:10.318 [http-nio-8888-exec-6] INFO  o.s.c.a.AnnotationConfigApplicationContext - Closing org.springframework.context.annotation.AnnotationConfigApplicationContext@8e7695c: startup date [Mon Mar 05 08:42:10 GMT 2018]; root of context hierarchy
18-03-05 08:43:10.460 [http-nio-8888-exec-8] INFO  o.s.c.a.AnnotationConfigApplicationContext - Refreshing org.springframework.context.annotation.AnnotationConfigApplicationContext@6297118b: startup date [Mon Mar 05 08:43:10 GMT 2018]; root of context hierarchy
18-03-05 08:43:10.471 [http-nio-8888-exec-8] INFO  o.s.c.c.s.e.NativeEnvironmentRepository - Adding property source: classpath:/configs/application.yml
18-03-05 08:43:10.472 [http-nio-8888-exec-8] INFO  o.s.c.a.AnnotationConfigApplicationContext - Closing org.springframework.context.annotation.AnnotationConfigApplicationContext@6297118b: startup date [Mon Mar 05 08:43:10 GMT 2018]; root of context hierarchy
18-03-05 08:44:10.629 [http-nio-8888-exec-10] INFO  o.s.c.a.AnnotationConfigApplicationContext - Refreshing org.springframework.context.annotation.AnnotationConfigApplicationContext@7b7a881f: startup date [Mon Mar 05 08:44:10 GMT 2018]; root of context hierarchy
18-03-05 08:44:10.643 [http-nio-8888-exec-10] INFO  o.s.c.c.s.e.NativeEnvironmentRepository - Adding property source: classpath:/configs/application.yml
18-03-05 08:44:10.645 [http-nio-8888-exec-10] INFO  o.s.c.a.AnnotationConfigApplicationContext - Closing org.springframework.context.annotation.AnnotationConfigApplicationContext@7b7a881f: startup date [Mon Mar 05 08:44:10 GMT 2018]; root of context hierarchy
18-03-05 08:45:10.796 [http-nio-8888-exec-3] INFO  o.s.c.a.AnnotationConfigApplicationContext - Refreshing org.springframework.context.annotation.AnnotationConfigApplicationContext@6c1382d: startup date [Mon Mar 05 08:45:10 GMT 2018]; root of context hierarchy
18-03-05 08:45:10.808 [http-nio-8888-exec-3] INFO  o.s.c.c.s.e.NativeEnvironmentRepository - Adding property source: classpath:/configs/application.yml
18-03-05 08:45:10.808 [http-nio-8888-exec-3] INFO  o.s.c.a.AnnotationConfigApplicationContext - Closing org.springframework.context.annotation.AnnotationConfigApplicationContext@6c1382d: startup date [Mon Mar 05 08:45:10 GMT 2018]; root of context hierarchy
18-03-05 08:46:10.938 [http-nio-8888-exec-4] INFO  o.s.c.a.AnnotationConfigApplicationContext - Refreshing org.springframework.context.annotation.AnnotationConfigApplicationContext@3c680b4f: startup date [Mon Mar 05 08:46:10 GMT 2018]; root of context hierarchy
18-03-05 08:46:10.959 [http-nio-8888-exec-4] INFO  o.s.c.c.s.e.NativeEnvironmentRepository - Adding property source: classpath:/configs/application.yml
18-03-05 08:46:10.961 [http-nio-8888-exec-4] INFO  o.s.c.a.AnnotationConfigApplicationContext - Closing org.springframework.context.annotation.AnnotationConfigApplicationContext@3c680b4f: startup date [Mon Mar 05 08:46:10 GMT 2018]; root of context hierarchy
18-03-05 08:47:11.144 [http-nio-8888-exec-6] INFO  o.s.c.a.AnnotationConfigApplicationContext - Refreshing org.springframework.context.annotation.AnnotationConfigApplicationContext@4e310ea3: startup date [Mon Mar 05 08:47:11 GMT 2018]; root of context hierarchy
18-03-05 08:47:11.180 [http-nio-8888-exec-6] INFO  o.s.c.c.s.e.NativeEnvironmentRepository - Adding property source: classpath:/configs/application.yml
18-03-05 08:47:11.181 [http-nio-8888-exec-6] INFO  o.s.c.a.AnnotationConfigApplicationContext - Closing org.springframework.context.annotation.AnnotationConfigApplicationContext@4e310ea3: startup date [Mon Mar 05 08:47:11 GMT 2018]; root of context hierarchy
18-03-05 08:48:11.312 [http-nio-8888-exec-7] INFO  o.s.c.a.AnnotationConfigApplicationContext - Refreshing org.springframework.context.annotation.AnnotationConfigApplicationContext@1dace267: startup date [Mon Mar 05 08:48:11 GMT 2018]; root of context hierarchy
18-03-05 08:48:11.333 [http-nio-8888-exec-7] INFO  o.s.c.c.s.e.NativeEnvironmentRepository - Adding property source: classpath:/configs/application.yml
18-03-05 08:48:11.334 [http-nio-8888-exec-7] INFO  o.s.c.a.AnnotationConfigApplicationContext - Closing org.springframework.context.annotation.AnnotationConfigApplicationContext@1dace267: startup date [Mon Mar 05 08:48:11 GMT 2018]; root of context hierarchy
18-03-05 08:49:11.469 [http-nio-8888-exec-9] INFO  o.s.c.a.AnnotationConfigApplicationContext - Refreshing org.springframework.context.annotation.AnnotationConfigApplicationContext@70dac78c: startup date [Mon Mar 05 08:49:11 GMT 2018]; root of context hierarchy
18-03-05 08:49:11.488 [http-nio-8888-exec-9] INFO  o.s.c.c.s.e.NativeEnvironmentRepository - Adding property source: classpath:/configs/application.yml
18-03-05 08:49:11.489 [http-nio-8888-exec-9] INFO  o.s.c.a.AnnotationConfigApplicationContext - Closing org.springframework.context.annotation.AnnotationConfigApplicationContext@70dac78c: startup date [Mon Mar 05 08:49:11 GMT 2018]; root of context hierarchy
