18-03-05 07:56:13.292 [main] INFO  com.jay.edge.EdgeApplicationKt - The following profiles are active: docker
18-03-05 07:56:13.356 [main] INFO  o.s.b.w.s.c.AnnotationConfigServletWebServerApplicationContext - Refreshing org.springframework.boot.web.servlet.context.AnnotationConfigServletWebServerApplicationContext@57855c9a: startup date [Mon Mar 05 07:56:13 GMT 2018]; parent: org.springframework.context.annotation.AnnotationConfigApplicationContext@27f674d
18-03-05 07:56:16.042 [main] INFO  o.s.b.f.s.DefaultListableBeanFactory - Overriding bean definition for bean 'environmentWebEndpointExtension' with a different definition: replacing [Root bean: class [null]; scope=; abstract=false; lazyInit=false; autowireMode=3; dependencyCheck=0; autowireCandidate=true; primary=false; factoryBeanName=org.springframework.boot.actuate.autoconfigure.env.EnvironmentEndpointAutoConfiguration; factoryMethodName=environmentWebEndpointExtension; initMethodName=null; destroyMethodName=(inferred); defined in class path resource [org/springframework/boot/actuate/autoconfigure/env/EnvironmentEndpointAutoConfiguration.class]] with [Root bean: class [null]; scope=; abstract=false; lazyInit=false; autowireMode=3; dependencyCheck=0; autowireCandidate=true; primary=false; factoryBeanName=org.springframework.cloud.autoconfigure.LifecycleMvcEndpointAutoConfiguration$EndpointConfiguration; factoryMethodName=environmentWebEndpointExtension; initMethodName=null; destroyMethodName=(inferred); defined in class path resource [org/springframework/cloud/autoconfigure/LifecycleMvcEndpointAutoConfiguration$EndpointConfiguration.class]]
18-03-05 07:56:16.713 [main] INFO  o.s.cloud.context.scope.GenericScope - BeanFactory id=da4e7510-c4a2-3062-a4e0-213b53fdc6fa
18-03-05 07:56:16.760 [main] INFO  o.s.b.f.a.AutowiredAnnotationBeanPostProcessor - JSR-330 'javax.inject.Inject' annotation found and supported for autowiring
18-03-05 07:56:16.851 [main] INFO  o.s.c.s.PostProcessorRegistrationDelegate$BeanPostProcessorChecker - Bean 'com.jay.edge.MicroProxy' of type [org.springframework.cloud.openfeign.FeignClientFactoryBean] is not eligible for getting processed by all BeanPostProcessors (for example: not eligible for auto-proxying)
18-03-05 07:56:17.032 [main] INFO  o.s.c.s.PostProcessorRegistrationDelegate$BeanPostProcessorChecker - Bean 'org.springframework.cloud.autoconfigure.ConfigurationPropertiesRebinderAutoConfiguration' of type [org.springframework.cloud.autoconfigure.ConfigurationPropertiesRebinderAutoConfiguration$$EnhancerBySpringCGLIB$$dd340ad5] is not eligible for getting processed by all BeanPostProcessors (for example: not eligible for auto-proxying)
18-03-05 07:56:17.824 [main] INFO  o.s.b.w.e.tomcat.TomcatWebServer - Tomcat initialized with port(s): 8000 (http)
18-03-05 07:56:17.876 [main] INFO  o.a.catalina.core.StandardService - Starting service [Tomcat]
18-03-05 07:56:17.877 [main] INFO  o.a.catalina.core.StandardEngine - Starting Servlet Engine: Apache Tomcat/8.5.28
18-03-05 07:56:17.894 [localhost-startStop-1] INFO  o.a.c.core.AprLifecycleListener - The APR based Apache Tomcat Native library which allows optimal performance in production environments was not found on the java.library.path: [/usr/lib/jvm/java-1.8-openjdk/jre/lib/amd64/server:/usr/lib/jvm/java-1.8-openjdk/jre/lib/amd64:/usr/lib/jvm/java-1.8-openjdk/jre/../lib/amd64:/usr/java/packages/lib/amd64:/usr/lib64:/lib64:/lib:/usr/lib]
18-03-05 07:56:18.084 [localhost-startStop-1] INFO  o.a.c.c.C.[Tomcat].[localhost].[/] - Initializing Spring embedded WebApplicationContext
18-03-05 07:56:18.090 [localhost-startStop-1] INFO  o.s.web.context.ContextLoader - Root WebApplicationContext: initialization completed in 4734 ms
18-03-05 07:56:20.298 [localhost-startStop-1] INFO  o.s.b.w.s.ServletRegistrationBean - Servlet dispatcherServlet mapped to [/]
18-03-05 07:56:20.317 [localhost-startStop-1] INFO  o.s.b.w.s.FilterRegistrationBean - Mapping filter: 'characterEncodingFilter' to: [/*]
18-03-05 07:56:20.319 [localhost-startStop-1] INFO  o.s.b.w.s.FilterRegistrationBean - Mapping filter: 'hiddenHttpMethodFilter' to: [/*]
18-03-05 07:56:20.323 [localhost-startStop-1] INFO  o.s.b.w.s.FilterRegistrationBean - Mapping filter: 'httpPutFormContentFilter' to: [/*]
18-03-05 07:56:20.324 [localhost-startStop-1] INFO  o.s.b.w.s.FilterRegistrationBean - Mapping filter: 'requestContextFilter' to: [/*]
18-03-05 07:56:20.325 [localhost-startStop-1] INFO  o.s.b.w.s.FilterRegistrationBean - Mapping filter: 'httpTraceFilter' to: [/*]
18-03-05 07:56:20.327 [localhost-startStop-1] INFO  o.s.b.w.s.FilterRegistrationBean - Mapping filter: 'webMvcMetricsFilter' to: [/*]
18-03-05 07:56:20.463 [main] INFO  o.s.c.a.AnnotationConfigApplicationContext - Refreshing FeignContext-http://micro: startup date [Mon Mar 05 07:56:20 GMT 2018]; parent: org.springframework.boot.web.servlet.context.AnnotationConfigServletWebServerApplicationContext@57855c9a
18-03-05 07:56:20.497 [main] INFO  o.s.b.f.a.AutowiredAnnotationBeanPostProcessor - JSR-330 'javax.inject.Inject' annotation found and supported for autowiring
18-03-05 07:56:21.588 [main] WARN  c.n.c.sources.URLConfigurationSource - No URLs will be polled as dynamic configuration sources.
18-03-05 07:56:21.593 [main] INFO  c.n.c.sources.URLConfigurationSource - To enable URLs as dynamic configuration sources, define System property archaius.configurationSource.additionalUrls or make config.properties available on classpath.
18-03-05 07:56:21.620 [main] WARN  c.n.c.sources.URLConfigurationSource - No URLs will be polled as dynamic configuration sources.
18-03-05 07:56:21.622 [main] INFO  c.n.c.sources.URLConfigurationSource - To enable URLs as dynamic configuration sources, define System property archaius.configurationSource.additionalUrls or make config.properties available on classpath.
18-03-05 07:56:21.998 [main] INFO  o.s.w.s.m.m.a.RequestMappingHandlerAdapter - Looking for @ControllerAdvice: org.springframework.boot.web.servlet.context.AnnotationConfigServletWebServerApplicationContext@57855c9a: startup date [Mon Mar 05 07:56:13 GMT 2018]; parent: org.springframework.context.annotation.AnnotationConfigApplicationContext@27f674d
18-03-05 07:56:22.178 [main] INFO  o.s.w.s.m.m.a.RequestMappingHandlerMapping - Mapped "{[/micro/info],methods=[GET],produces=[application/json]}" onto public org.springframework.http.ResponseEntity<com.jay.edge.MicroInfo> com.jay.edge.EdgeResource.microInfo(int)
18-03-05 07:56:22.201 [main] INFO  o.s.w.s.m.m.a.RequestMappingHandlerMapping - Mapped "{[/info],methods=[GET],produces=[application/json]}" onto public org.springframework.http.ResponseEntity<java.lang.Object> com.jay.edge.EdgeResource.info(int)
18-03-05 07:56:22.203 [main] INFO  o.s.w.s.m.m.a.RequestMappingHandlerMapping - Mapped "{[/error],produces=[text/html]}" onto public org.springframework.web.servlet.ModelAndView org.springframework.boot.autoconfigure.web.servlet.error.BasicErrorController.errorHtml(javax.servlet.http.HttpServletRequest,javax.servlet.http.HttpServletResponse)
18-03-05 07:56:22.205 [main] INFO  o.s.w.s.m.m.a.RequestMappingHandlerMapping - Mapped "{[/error]}" onto public org.springframework.http.ResponseEntity<java.util.Map<java.lang.String, java.lang.Object>> org.springframework.boot.autoconfigure.web.servlet.error.BasicErrorController.error(javax.servlet.http.HttpServletRequest)
18-03-05 07:56:22.285 [main] INFO  o.s.w.s.h.SimpleUrlHandlerMapping - Mapped URL path [/webjars/**] onto handler of type [class org.springframework.web.servlet.resource.ResourceHttpRequestHandler]
18-03-05 07:56:22.301 [main] INFO  o.s.w.s.h.SimpleUrlHandlerMapping - Mapped URL path [/**] onto handler of type [class org.springframework.web.servlet.resource.ResourceHttpRequestHandler]
18-03-05 07:56:22.341 [main] INFO  o.s.w.s.m.m.a.ExceptionHandlerExceptionResolver - Detected @ExceptionHandler methods in serviceExceptionHandler
18-03-05 07:56:22.420 [main] INFO  o.s.w.s.h.SimpleUrlHandlerMapping - Mapped URL path [/**/favicon.ico] onto handler of type [class org.springframework.web.servlet.resource.ResourceHttpRequestHandler]
18-03-05 07:56:23.867 [main] INFO  o.s.b.a.e.w.s.WebMvcEndpointHandlerMapping - Mapped "{[/actuator/health],methods=[GET],produces=[application/vnd.spring-boot.actuator.v2+json || application/json]}" onto public java.lang.Object org.springframework.boot.actuate.endpoint.web.servlet.AbstractWebMvcEndpointHandlerMapping$OperationHandler.handle(javax.servlet.http.HttpServletRequest,java.util.Map<java.lang.String, java.lang.String>)
18-03-05 07:56:23.873 [main] INFO  o.s.b.a.e.w.s.WebMvcEndpointHandlerMapping - Mapped "{[/actuator/info],methods=[GET],produces=[application/vnd.spring-boot.actuator.v2+json || application/json]}" onto public java.lang.Object org.springframework.boot.actuate.endpoint.web.servlet.AbstractWebMvcEndpointHandlerMapping$OperationHandler.handle(javax.servlet.http.HttpServletRequest,java.util.Map<java.lang.String, java.lang.String>)
18-03-05 07:56:23.874 [main] INFO  o.s.b.a.e.w.s.WebMvcEndpointHandlerMapping - Mapped "{[/actuator],methods=[GET],produces=[application/vnd.spring-boot.actuator.v2+json || application/json]}" onto protected java.util.Map<java.lang.String, java.util.Map<java.lang.String, org.springframework.boot.actuate.endpoint.web.Link>> org.springframework.boot.actuate.endpoint.web.servlet.WebMvcEndpointHandlerMapping.links(javax.servlet.http.HttpServletRequest,javax.servlet.http.HttpServletResponse)
18-03-05 07:56:24.020 [main] INFO  o.s.j.e.a.AnnotationMBeanExporter - Registering beans for JMX exposure on startup
18-03-05 07:56:24.037 [main] INFO  o.s.j.e.a.AnnotationMBeanExporter - Bean with name 'configurationPropertiesRebinder' has been autodetected for JMX exposure
18-03-05 07:56:24.044 [main] INFO  o.s.j.e.a.AnnotationMBeanExporter - Bean with name 'environmentManager' has been autodetected for JMX exposure
18-03-05 07:56:24.047 [main] INFO  o.s.j.e.a.AnnotationMBeanExporter - Bean with name 'refreshScope' has been autodetected for JMX exposure
18-03-05 07:56:24.055 [main] INFO  o.s.j.e.a.AnnotationMBeanExporter - Located managed bean 'environmentManager': registering with JMX server as MBean [org.springframework.cloud.context.environment:name=environmentManager,type=EnvironmentManager]
18-03-05 07:56:24.067 [main] INFO  o.s.j.e.a.AnnotationMBeanExporter - Located managed bean 'refreshScope': registering with JMX server as MBean [org.springframework.cloud.context.scope.refresh:name=refreshScope,type=RefreshScope]
18-03-05 07:56:24.079 [main] INFO  o.s.j.e.a.AnnotationMBeanExporter - Located managed bean 'configurationPropertiesRebinder': registering with JMX server as MBean [org.springframework.cloud.context.properties:name=configurationPropertiesRebinder,context=57855c9a,type=ConfigurationPropertiesRebinder]
18-03-05 07:56:24.095 [main] INFO  o.s.c.s.DefaultLifecycleProcessor - Starting beans in phase 0
18-03-05 07:56:24.106 [main] INFO  o.s.c.n.eureka.InstanceInfoFactory - Setting initial instance status as: STARTING
18-03-05 07:56:24.378 [main] INFO  c.netflix.discovery.DiscoveryClient - Initializing Eureka in region us-east-1
18-03-05 07:56:25.039 [main] INFO  c.n.d.p.DiscoveryJerseyProvider - Using JSON encoding codec LegacyJacksonJson
18-03-05 07:56:25.050 [main] INFO  c.n.d.p.DiscoveryJerseyProvider - Using JSON decoding codec LegacyJacksonJson
18-03-05 07:56:25.321 [main] INFO  c.n.d.p.DiscoveryJerseyProvider - Using XML encoding codec XStreamXml
18-03-05 07:56:25.323 [main] INFO  c.n.d.p.DiscoveryJerseyProvider - Using XML decoding codec XStreamXml
18-03-05 07:56:25.774 [main] INFO  c.n.d.s.r.aws.ConfigClusterResolver - Resolving eureka endpoints via configuration
18-03-05 07:56:25.997 [main] INFO  c.netflix.discovery.DiscoveryClient - Disable delta property : false
18-03-05 07:56:26.001 [main] INFO  c.netflix.discovery.DiscoveryClient - Single vip registry refresh property : null
18-03-05 07:56:26.002 [main] INFO  c.netflix.discovery.DiscoveryClient - Force full registry fetch : false
18-03-05 07:56:26.003 [main] INFO  c.netflix.discovery.DiscoveryClient - Application is null : false
18-03-05 07:56:26.004 [main] INFO  c.netflix.discovery.DiscoveryClient - Registered Applications size is zero : true
18-03-05 07:56:26.004 [main] INFO  c.netflix.discovery.DiscoveryClient - Application version is -1: true
18-03-05 07:56:26.004 [main] INFO  c.netflix.discovery.DiscoveryClient - Getting all instance registry info from the eureka server
18-03-05 07:56:26.403 [main] INFO  c.netflix.discovery.DiscoveryClient - The response status is 200
18-03-05 07:56:26.417 [main] INFO  c.netflix.discovery.DiscoveryClient - Starting heartbeat executor: renew interval is: 30
18-03-05 07:56:26.421 [main] INFO  c.n.discovery.InstanceInfoReplicator - InstanceInfoReplicator onDemand update allowed rate per min is 4
18-03-05 07:56:26.429 [main] INFO  c.netflix.discovery.DiscoveryClient - Discovery Client initialized at timestamp 1520236586428 with initial instances count: 1
18-03-05 07:56:26.437 [main] INFO  o.s.c.n.e.s.EurekaServiceRegistry - Registering application edge with eureka with status UP
18-03-05 07:56:26.439 [main] INFO  c.netflix.discovery.DiscoveryClient - Saw local status change event StatusChangeEvent [timestamp=1520236586439, current=UP, previous=STARTING]
18-03-05 07:56:26.460 [DiscoveryClient-InstanceInfoReplicator-0] INFO  c.netflix.discovery.DiscoveryClient - DiscoveryClient_EDGE/94233cfd5b4f:edge:8000: registering service...
18-03-05 07:56:26.610 [DiscoveryClient-InstanceInfoReplicator-0] INFO  c.netflix.discovery.DiscoveryClient - DiscoveryClient_EDGE/94233cfd5b4f:edge:8000 - registration status: 204
18-03-05 07:56:26.730 [main] INFO  o.s.b.w.e.tomcat.TomcatWebServer - Tomcat started on port(s): 8000 (http) with context path ''
18-03-05 07:56:26.733 [main] INFO  o.s.c.n.e.s.EurekaAutoServiceRegistration - Updating port to 8000
18-03-05 07:56:26.739 [main] INFO  com.jay.edge.EdgeApplicationKt - Started EdgeApplicationKt in 17.799 seconds (JVM running for 18.561)
18-03-05 07:57:08.329 [http-nio-8000-exec-1] INFO  o.a.c.c.C.[Tomcat].[localhost].[/] - Initializing Spring FrameworkServlet 'dispatcherServlet'
18-03-05 07:57:08.330 [http-nio-8000-exec-1] INFO  o.s.web.servlet.DispatcherServlet - FrameworkServlet 'dispatcherServlet': initialization started
18-03-05 07:57:08.353 [http-nio-8000-exec-1] INFO  o.s.web.servlet.DispatcherServlet - FrameworkServlet 'dispatcherServlet': initialization completed in 22 ms
18-03-05 08:02:37.627 [http-nio-8000-exec-9] INFO  com.jay.edge.EdgeResource - Seq: 1 V: 1 ID: -781585037
18-03-05 08:02:37.629 [http-nio-8000-exec-9] DEBUG com.jay.edge.MicroProxy - [MicroProxy#info] ---> GET http://micro/micro?seq=1 HTTP/1.1
18-03-05 08:02:37.631 [http-nio-8000-exec-9] DEBUG com.jay.edge.MicroProxy - [MicroProxy#info] Accept: application/json
18-03-05 08:02:37.632 [http-nio-8000-exec-9] DEBUG com.jay.edge.MicroProxy - [MicroProxy#info] ---> END HTTP (0-byte body)
18-03-05 08:02:37.640 [http-nio-8000-exec-9] INFO  o.s.c.a.AnnotationConfigApplicationContext - Refreshing SpringClientFactory-micro: startup date [Mon Mar 05 08:02:37 GMT 2018]; parent: org.springframework.boot.web.servlet.context.AnnotationConfigServletWebServerApplicationContext@57855c9a
18-03-05 08:02:37.759 [http-nio-8000-exec-9] INFO  o.s.b.f.a.AutowiredAnnotationBeanPostProcessor - JSR-330 'javax.inject.Inject' annotation found and supported for autowiring
18-03-05 08:02:38.109 [http-nio-8000-exec-9] INFO  c.n.config.ChainedDynamicProperty - Flipping property: micro.ribbon.ActiveConnectionsLimit to use NEXT property: niws.loadbalancer.availabilityFilteringRule.activeConnectionsLimit = 2147483647
18-03-05 08:02:38.132 [http-nio-8000-exec-9] INFO  c.n.u.c.ShutdownEnabledTimer - Shutdown hook installed for: NFLoadBalancer-PingTimer-micro
18-03-05 08:02:38.190 [http-nio-8000-exec-9] INFO  c.n.loadbalancer.BaseLoadBalancer - Client: micro instantiated a LoadBalancer: DynamicServerListLoadBalancer:{NFLoadBalancer:name=micro,current list of Servers=[],Load balancer stats=Zone stats: {},Server stats: []}ServerList:null
18-03-05 08:02:38.205 [http-nio-8000-exec-9] INFO  c.n.l.DynamicServerListLoadBalancer - Using serverListUpdater PollingServerListUpdater
18-03-05 08:02:38.212 [http-nio-8000-exec-9] INFO  c.n.l.DynamicServerListLoadBalancer - DynamicServerListLoadBalancer for client micro initialized: DynamicServerListLoadBalancer:{NFLoadBalancer:name=micro,current list of Servers=[],Load balancer stats=Zone stats: {},Server stats: []}ServerList:org.springframework.cloud.netflix.ribbon.eureka.DomainExtractingServerList@45947d2a
18-03-05 08:02:38.414 [http-nio-8000-exec-9] ERROR com.jay.edge.ServiceExceptionHandler - SEH
18-03-05 08:02:38.415 [http-nio-8000-exec-9] INFO  com.jay.edge.ServiceExceptionHandler - CE: Load balancer does not have available server for client: micro
18-03-05 08:02:53.620 [AsyncResolver-bootstrap-executor-0] INFO  c.n.d.s.r.aws.ConfigClusterResolver - Resolving eureka endpoints via configuration
18-03-05 08:03:32.574 [http-nio-8000-exec-7] INFO  com.jay.edge.EdgeResource - Seq: 10001 V: 1 ID: -781585037
18-03-05 08:03:32.580 [http-nio-8000-exec-7] DEBUG com.jay.edge.MicroProxy - [MicroProxy#info] ---> GET http://micro/micro?seq=10001 HTTP/1.1
18-03-05 08:03:32.584 [http-nio-8000-exec-7] DEBUG com.jay.edge.MicroProxy - [MicroProxy#info] Accept: application/json
18-03-05 08:03:32.584 [http-nio-8000-exec-7] DEBUG com.jay.edge.MicroProxy - [MicroProxy#info] ---> END HTTP (0-byte body)
18-03-05 08:03:32.586 [http-nio-8000-exec-7] ERROR com.jay.edge.ServiceExceptionHandler - SEH
18-03-05 08:03:32.586 [http-nio-8000-exec-7] INFO  com.jay.edge.ServiceExceptionHandler - CE: Load balancer does not have available server for client: micro
18-03-05 08:04:14.867 [http-nio-8000-exec-2] INFO  com.jay.edge.EdgeResource - Seq: 11000 V: 1 ID: -781585037
18-03-05 08:04:34.891 [http-nio-8000-exec-4] INFO  com.jay.edge.EdgeResource - Seq: 11000 V: 1 ID: -781585037
18-03-05 08:07:53.624 [AsyncResolver-bootstrap-executor-0] INFO  c.n.d.s.r.aws.ConfigClusterResolver - Resolving eureka endpoints via configuration
18-03-05 08:11:02.264 [http-nio-8000-exec-3] INFO  com.jay.edge.EdgeResource - Seq: 10000 V: 1 ID: -781585037
18-03-05 08:11:22.623 [http-nio-8000-exec-9] INFO  com.jay.edge.EdgeResource - Seq: 10001 V: 1 ID: -781585037
18-03-05 08:11:32.934 [http-nio-8000-exec-7] INFO  com.jay.edge.EdgeResource - Seq: 10002 V: 1 ID: -781585037
18-03-05 08:11:43.249 [http-nio-8000-exec-2] INFO  com.jay.edge.EdgeResource - Seq: 10003 V: 1 ID: -781585037
18-03-05 08:11:43.561 [http-nio-8000-exec-5] INFO  com.jay.edge.EdgeResource - Seq: 10004 V: 1 ID: -781585037
18-03-05 08:11:53.265 [http-nio-8000-exec-4] INFO  com.jay.edge.EdgeResource - Seq: 10003 V: 1 ID: -781585037
18-03-05 08:11:53.875 [http-nio-8000-exec-6] INFO  com.jay.edge.EdgeResource - Seq: 10005 V: 1 ID: -781585037
18-03-05 08:12:03.587 [http-nio-8000-exec-8] INFO  com.jay.edge.EdgeResource - Seq: 10004 V: 1 ID: -781585037
18-03-05 08:12:04.192 [http-nio-8000-exec-3] INFO  com.jay.edge.EdgeResource - Seq: 10006 V: 1 ID: -781585037
18-03-05 08:12:14.205 [http-nio-8000-exec-3] INFO  com.jay.edge.EdgeResource - Seq: 10006 V: 1 ID: -781585037
18-03-05 08:12:24.214 [http-nio-8000-exec-10] INFO  com.jay.edge.EdgeResource - Seq: 10006 V: 1 ID: -781585037
18-03-05 08:12:24.831 [http-nio-8000-exec-1] INFO  com.jay.edge.EdgeResource - Seq: 10008 V: 1 ID: -781585037
18-03-05 08:12:34.535 [http-nio-8000-exec-7] INFO  com.jay.edge.EdgeResource - Seq: 10007 V: 1 ID: -781585037
18-03-05 08:12:35.149 [http-nio-8000-exec-2] INFO  com.jay.edge.EdgeResource - Seq: 10009 V: 1 ID: -781585037
18-03-05 08:12:44.852 [http-nio-8000-exec-6] INFO  com.jay.edge.EdgeResource - Seq: 10008 V: 1 ID: -781585037
18-03-05 08:12:45.462 [http-nio-8000-exec-8] INFO  com.jay.edge.EdgeResource - Seq: 10010 V: 1 ID: -781585037
18-03-05 08:12:53.629 [AsyncResolver-bootstrap-executor-0] INFO  c.n.d.s.r.aws.ConfigClusterResolver - Resolving eureka endpoints via configuration
18-03-05 08:12:55.173 [http-nio-8000-exec-9] INFO  com.jay.edge.EdgeResource - Seq: 10009 V: 1 ID: -781585037
18-03-05 08:15:45.064 [http-nio-8000-exec-7] INFO  com.jay.edge.EdgeResource - Seq: 10000 V: 1 ID: -781585037
18-03-05 08:16:36.080 [http-nio-8000-exec-2] INFO  com.jay.edge.EdgeResource - Seq: 10003 V: 1 ID: -781585037
18-03-05 08:16:46.407 [http-nio-8000-exec-9] INFO  com.jay.edge.EdgeResource - Seq: 10004 V: 1 ID: -781585037
18-03-05 08:16:56.415 [http-nio-8000-exec-3] INFO  com.jay.edge.EdgeResource - Seq: 10004 V: 1 ID: -781585037
18-03-05 08:17:16.761 [http-nio-8000-exec-10] INFO  com.jay.edge.EdgeResource - Seq: 10005 V: 1 ID: -781585037
18-03-05 08:17:26.776 [http-nio-8000-exec-1] INFO  com.jay.edge.EdgeResource - Seq: 10005 V: 1 ID: -781585037
18-03-05 08:17:37.103 [http-nio-8000-exec-5] INFO  com.jay.edge.EdgeResource - Seq: 10006 V: 1 ID: -781585037
18-03-05 08:17:53.632 [AsyncResolver-bootstrap-executor-0] INFO  c.n.d.s.r.aws.ConfigClusterResolver - Resolving eureka endpoints via configuration
18-03-05 08:17:57.131 [http-nio-8000-exec-6] INFO  com.jay.edge.EdgeResource - Seq: 10006 V: 1 ID: -781585037
18-03-05 08:18:07.455 [http-nio-8000-exec-8] INFO  com.jay.edge.EdgeResource - Seq: 10007 V: 1 ID: -781585037
18-03-05 08:18:27.799 [http-nio-8000-exec-2] INFO  com.jay.edge.EdgeResource - Seq: 10008 V: 1 ID: -781585037
18-03-05 08:18:58.152 [http-nio-8000-exec-10] INFO  com.jay.edge.EdgeResource - Seq: 10009 V: 1 ID: -781585037
18-03-05 08:19:28.499 [http-nio-8000-exec-1] INFO  com.jay.edge.EdgeResource - Seq: 10010 V: 1 ID: -781585037
18-03-05 08:22:53.638 [AsyncResolver-bootstrap-executor-0] INFO  c.n.d.s.r.aws.ConfigClusterResolver - Resolving eureka endpoints via configuration
18-03-05 08:27:53.643 [AsyncResolver-bootstrap-executor-0] INFO  c.n.d.s.r.aws.ConfigClusterResolver - Resolving eureka endpoints via configuration
18-03-05 08:32:53.650 [AsyncResolver-bootstrap-executor-0] INFO  c.n.d.s.r.aws.ConfigClusterResolver - Resolving eureka endpoints via configuration
18-03-05 08:37:49.957 [http-nio-8000-exec-2] INFO  com.jay.edge.EdgeResource - Seq: 10000 V: 1 ID: -781585037
18-03-05 08:37:53.656 [AsyncResolver-bootstrap-executor-0] INFO  c.n.d.s.r.aws.ConfigClusterResolver - Resolving eureka endpoints via configuration
18-03-05 08:38:00.303 [http-nio-8000-exec-10] INFO  com.jay.edge.EdgeResource - Seq: 10001 V: 1 ID: -781585037
18-03-05 08:38:20.317 [http-nio-8000-exec-4] INFO  com.jay.edge.EdgeResource - Seq: 10001 V: 1 ID: -781585037
18-03-05 08:38:30.639 [http-nio-8000-exec-7] INFO  com.jay.edge.EdgeResource - Seq: 10002 V: 1 ID: -781585037
18-03-05 08:38:40.965 [http-nio-8000-exec-6] INFO  com.jay.edge.EdgeResource - Seq: 10003 V: 1 ID: -781585037
18-03-05 08:39:01.302 [http-nio-8000-exec-8] INFO  com.jay.edge.EdgeResource - Seq: 10004 V: 1 ID: -781585037
18-03-05 08:39:21.647 [http-nio-8000-exec-9] INFO  com.jay.edge.EdgeResource - Seq: 10005 V: 1 ID: -781585037
18-03-05 08:39:31.979 [http-nio-8000-exec-3] INFO  com.jay.edge.EdgeResource - Seq: 10006 V: 1 ID: -781585037
18-03-05 08:39:52.327 [http-nio-8000-exec-4] INFO  com.jay.edge.EdgeResource - Seq: 10007 V: 1 ID: -781585037
18-03-05 08:40:32.690 [http-nio-8000-exec-1] INFO  com.jay.edge.EdgeResource - Seq: 10008 V: 1 ID: -781585037
18-03-05 08:40:53.029 [http-nio-8000-exec-6] INFO  com.jay.edge.EdgeResource - Seq: 10009 V: 1 ID: -781585037
18-03-05 08:42:53.659 [AsyncResolver-bootstrap-executor-0] INFO  c.n.d.s.r.aws.ConfigClusterResolver - Resolving eureka endpoints via configuration
18-03-05 08:47:53.672 [AsyncResolver-bootstrap-executor-0] INFO  c.n.d.s.r.aws.ConfigClusterResolver - Resolving eureka endpoints via configuration
